<?xml version="1.0" encoding="UTF-8"?>
<testng-results ignored="0" total="1" passed="1" failed="0" skipped="0">
  <reporter-output>
  </reporter-output>
  <suite started-at="2023-09-30T10:40:32 CST" name="Default suite" finished-at="2023-09-30T10:40:39 CST" duration-ms="6898">
    <groups>
    </groups>
    <test started-at="2023-09-30T10:40:32 CST" name="Default test" finished-at="2023-09-30T10:40:39 CST" duration-ms="6898">
      <class name="pruebaSelenium.NewTest">
        <test-method signature="f()[pri:0, instance:pruebaSelenium.NewTest@7e7be63f]" started-at="2023-09-30T10:40:32 CST" name="f" finished-at="2023-09-30T10:40:39 CST" duration-ms="6875" status="PASS">
          <reporter-output>
          </reporter-output>
        </test-method> <!-- f -->
      </class> <!-- pruebaSelenium.NewTest -->
    </test> <!-- Default test -->
  </suite> <!-- Default suite -->
</testng-results>
